1
Star Wars
2
0-3452-6079-1
3
George Lucas
4
Del Rey
5
10/18/2017
6
5
7
59.95
8
100.00
9
1
The Empire Strikes Back (Star Wars)
2
0-3452-9209-X
3
George Lucas
4
Ballantine
5
04/01/2017
6
2
7
179.58
8
185.00
9
1
Splinter of the Mind's Eye (Star Wars)
2
0-3453-2023-9
3
George Lucas
4
Del Rey
5
11/08/2017
6
3
7
24
8
26.50
9
1
Return of the Jedi (Star Wars)
2
0-3453-0767-4
3
George Lucas
4
Del Rey
5
10/09/2017
6
4
7
2.94
8
6.50
9
1
Heir to the Empire (Star Wars: The Thrawn Trilogy, Vol. 1)
2
0-5532-9612-4
3
Timothy Zahn
4
Bantam
5
11/01/2017
6
10
7
25.38
8
27.00
9
1
Dark Force Rising (Star Wars: The Thrawn Trilogy, Vol. 2
2
0-5535-6071-9
3
Timothy Zahn
4
Bantam
5
11/08/2017
6
10
7
25.38
8
27.00
9
1
The Last Command (Star Wars: The Thrawn Trilogy)
2
0-5535-6492-7
3
Timothy Zahn
4
Bantam
5
11/02/2017
6
10
7
14.30
8
17
9
1
Specter of the Past (Star Wars: The Hand of Thrawn #1)
2
0-5532-9804-6
3
Timothy Zahn
4
Bantam
5
11/08/2017
6
5
7
13.66
8
15
9
1
Vision of the Future (Star Wars: The Hand of Thrawn, Book 2)
2
0-5535-7879-0
3
Timothy Zahn
4
Bantam
5
11/06/2017
6
5
7
10.85
8
15
9
1
Battlestar Galactica
2
1-8528-6088-X
3
Glen A.;Thurston, Robert Larson 
4
Titan Books
5
11/08/2015
6
5
7
102.04
8
150.00
9
1
New Battlestar Galactica Volume 1 (Battlestar Galactica (Dynamite)) (v. 1)
2
1-9333-0533-9
3
Diamond Comic Distributors Inc.
4
Dynamite Entertainment
5
11/08/2017
6
5
7
29.95
8
35.00
9
1
New Battlestar Galactica Volume II Hardcover (Battlestar Galactica (Dynamite)) 
2
1-9333-0553-3
3
Greg Pak
4
Dynamite Entertainment
5
11/03/2017
6
5
7
34.95
8
37.00
9
1
The Hobbit
2
0-6189-6863-6
3
J.R.R. Tolkien
4
Houghton Mifflin Harcourt
5
11/10/2017
6
1
7
17.61
8
20.00
9
1
The Lord of the Rings: 50th Anniversary, One Vol. Edition
2
0-6186-4561-6
3
J.R.R. Tolkien
4
Houghton Mifflin Harcourt
5
11/10/2017
6
4
7
29.89
8
32.00
9
1
The Two Towers
2
0-3954-8933-4
3
J.R.R. Tolkien
4
Houghton Mifflin Harcourt
5
11/10/2017
6
4
7
17.89
8
19.00
9
1
The Return of the King
2
0-3954-8930-X
3
J.R.R. Tolkien
4
Houghton Mifflin Harcourt
5
11/10/2017
6
6
7
16.89
8
19.00
9
1
The Fellowship of the Ring
2
0-3954-8931-8
3
J.R.R. Tolkien
4
Houghton Mifflin Harcourt
5
11/10/2017
6
7
7
18.70
8
20.00
9
1
C++ Programming: From Problem Analysis to Program Design 7th Edition
2
1-2858-5274-5
3
D.S. Malik
4
Course Technology
5
11/16/2017
6
3
7
85.67
8
100.00
9
1
Digital Computer Electronics
2
0-0746-2235-8
3
Malvino
4
Mc Graw Hill India
5
11/16/2017
6
10
7
44.56
8
50.00
9
1
Assembly Language for x86 Processors (7th Edition)
2
0-1337-6940-2
3
Irvin, K.R.
4
Pearson
5
11/16/2017
6
10
7
178.22
8
200
9
1
The Tainted Sword
2
1-5607-6395-7
3
Watry, D.J.
4
Wizards of the Coast
5
11/16/2017
6
10
7
29.75
8
35.50
9
1
The Garden of the Stone
2
0-7394-0654-X
3
Victoria Strauss
4
Science Fiction Book Club
5
05/13/2018
6
8
7
17.64
8
22.93
9
1
Code of Conduct
2
0-7394-0711-2
3
Kristine Smith
4
AVON EOS (1999)
5
05/13/2018
6
2
7
12.1
8
15.73
9
1
The Mammoth Book of Comic Fantasy II
2
0-7394-0714-7
3
Mike Resnick, ed.
4
Carroll & Graf Publishers
5
05/13/2018
6
24
7
4.71
8
6.12
9
1
The Hallowed Isle
2
0-7394-0776-7
3
Diana L. Paxson
4
TBD
5
05/13/2018
6
2
7
10.66
8
13.86
9
1
Starfire
2
0-7394-0791-0
3
Charles Sheffield
4
TBD
5
05/13/2018
6
11
7
15.09
8
19.62
9
1
The Sarantine Mosaic
2
0-7394-0792-9
3
Guy Gavriel Kay
4
TBD
5
05/13/2018
6
24
7
6.27
8
8.15
9
1
Journeys of the Catechist
2
0-7394-0792-9
3
Alan Dean Foster
4
TBD
5
05/13/2018
6
24
7
7.38
8
9.59
9
1
The Bicentennial Man and Other Stories
2
0-7394-0816-X
3
Isaac Asimov
4
TBD
5
05/13/2018
6
18
7
7.07
8
9.19
9
1
The Lord of the Rings
2
0-7394-0825-9
3
J. R. R. Tolkien
4
TBD
5
05/13/2018
6
3
7
9.11
8
11.84
9
1
The Century Next Door
2
0-7394-0885-2
3
John Barnes
4
TBD
5
05/13/2018
6
4
7
16.02
8
20.83
9
1
Black Heart, Ivory Bones
2
0-7394-0892-5
3
Ellen Datlow & Terri Windling, eds.
4
TBD
5
05/13/2018
6
19
7
4.69
8
6.1
9
1
Dune
2
0-7394-0902-6
3
Frank Herbert
4
TBD
5
05/13/2018
6
6
7
14.46
8
18.8
9
1
The Foundation Trilogy
2
0-7394-0903-4
3
Isaac Asimov
4
TBD
5
05/13/2018
6
12
7
14.86
8
19.32
9
1
The Stars My Destination
2
0-7394-0907-7
3
Alfred Bester
4
TBD
5
05/13/2018
6
25
7
12.67
8
16.47
9
1
Valorian's Children
2
0-7394-0949-2
3
Mary H. Herbert
4
TBD
5
05/13/2018
6
19
7
19.39
8
25.21
9
1
Battlefield Earth
2
0-7394-0950-6
3
L. Ron Hubbard
4
TBD
5
05/13/2018
6
10
7
13.06
8
16.98
9
1
Men in Black: The Grazer Conspiracy
2
0-7394-0980-8
3
Dean Wesley Smith
4
TBD
5
05/13/2018
6
15
7
8.69
8
11.3
9
1
On the Oceans of Eternity
2
0-7394-1007-5
3
S. M. Stirling
4
TBD
5
05/13/2018
6
1
7
19.67
8
25.57
9
1
Exploring the Horizons
2
0-7394-1009-1
3
Gardner Dozois, ed.
4
TBD
5
05/13/2018
6
20
7
5.88
8
7.64
9
1
The Hitchhiker's Trilogy
2
0-7394-1012-1
3
Douglas Adams
4
TBD
5
05/13/2018
6
0
7
10.03
8
13.04
9
1
The Imperial Stars
2
0-7394-1013-X
3
Poul Anderson
4
TBD
5
05/13/2018
6
5
7
9.35
8
12.16
9
1
Darker Than You Think
2
0-7394-1050-4
3
Jack Williamson
4
TBD
5
05/13/2018
6
3
7
6.32
8
8.22
9
1
The Past Through Tomorrow
2
0-7394-1051-2
3
Robert A. Heinlein
4
TBD
5
05/13/2018
6
2
7
5.07
8
6.59
9
1
The Hobbit
2
0-7394-1074-1
3
J. R. R. Tokien
4
TBD
5
05/13/2018
6
6
7
3.09
8
4.02
9
1
Suburban Gods
2
0-7394-1108-X
3
Brenda W. Clough
4
TBD
5
05/13/2018
6
18
7
13.54
8
17.6
9
1
Year's Best SF 5
2
0-7394-1110-1
3
David G. Hartwell, ed.
4
TBD
5
05/13/2018
6
0
7
7.2
8
9.36
9
1
Star Wars: New Jedi Order: Dark Tide
2
0-7394-1111-X
3
Michael A. Stackpole
4
TBD
5
05/13/2018
6
20
7
9.86
8
12.82
9
1
The Empire of Isher
2
0-7394-1124-1
3
A. E. van Vogt
4
TBD
5
05/13/2018
6
11
7
9.32
8
12.12
9
1
Out of the Silent Planet / Perelandra / That Hideous Strength
2
0-7394-1146-2
3
C. S. Lewis
4
TBD
5
05/13/2018
6
9
7
13.89
8
18.06
9
1
Bangs & Whimpers: Stories About the End of the World
2
0-7394-1147-0
3
James Frenkel, ed.
4
TBD
5
05/13/2018
6
15
7
15.91
8
20.68
9
1
X-Men
2
0-7394-1148-9
3
Kristine Kathryn Rusch & Dean Wesley Smith
4
TBD
5
05/13/2018
6
20
7
13.08
8
17
9
1
The Shattered Goddess
2
0-7394-1149-7
3
Darrell Schweitzer
4
TBD
5
05/13/2018
6
8
7
19.54
8
25.4
9
1
Asimov's Mirage
2
0-7394-1150-0
3
Mark W. Tiedemann
4
TBD
5
05/13/2018
6
0
7
3.03
8
3.94
9
1
The Vampire Sextette
2
0-7394-1154-3
3
Marvin Kaye, ed.
4
TBD
5
05/13/2018
6
24
7
13.94
8
18.12
9
1
Hunted
2
0-7394-1170-5
3
James Alan Gardner
4
TBD
5
05/13/2018
6
15
7
8.07
8
10.49
9
1
Wit'ch War
2
0-7394-1197-7
3
James Clemens
4
TBD
5
05/13/2018
6
18
7
16.04
8
20.85
9
1
Obernewtyn & The Farseekers
2
0-7394-1211-6
3
Isobelle Carmody
4
TBD
5
05/13/2018
6
8
7
6.18
8
8.03
9
1
Adventures of the Stainless Steel Rat
2
0-7394-1220-5
3
Harry Harrison
4
TBD
5
05/13/2018
6
19
7
7.31
8
9.5
9
1
The Magehound
2
0-7394-1237-X
3
Elaine Cunningham
4
TBD
5
05/13/2018
6
8
7
4.48
8
5.82
9
1
Confluence
2
0-7394-1271-X
3
Paul J. McAuley
4
TBD
5
05/13/2018
6
12
7
18.71
8
24.32
9
1
Changing Vision
2
0-7394-1272-8
3
Julie E. Czerneda
4
TBD
5
05/13/2018
6
8
7
12.25
8
15.93
9
1
The Swordsman's Oath
2
0-7394-1273-6
3
Juliet E. McKenna
4
TBD
5
05/13/2018
6
12
7
19.65
8
25.55
9
1
Star Wars: New Jedi Order: Agents of Chaos
2
0-7394-1298-1
3
James Luceno
4
TBD
5
05/13/2018
6
21
7
8.38
8
10.89
9
1
The Black Company: Glittering Stone I
2
0-7394-1299-X
3
Glen Cook
4
TBD
5
05/13/2018
6
7
7
18.11
8
23.54
9
1
The Black Company: Glittering Stone II
2
0-7394-1300-7
3
Glen Cook
4
TBD
5
05/13/2018
6
25
7
10.72
8
13.94
9
1
Ringworld
2
0-7394-1301-5
3
Larry Niven
4
TBD
5
05/13/2018
6
13
7
7.55
8
9.82
9
1
Annals of the Black Company
2
0-7394-1302-3
3
Glen Cook
4
TBD
5
05/13/2018
6
2
7
18.1
8
23.53
9
1
The Bridge
2
0-7394-1334-1
3
Janine Ellen Young
4
TBD
5
05/13/2018
6
17
7
5.53
8
7.19
9
1
His Dark Materials
2
0-7394-1335-X
3
Philip Pullman
4
TBD
5
05/13/2018
6
5
7
9.72
8
12.64
9
1
The Chick is in the Mail
2
0-7394-1336-8
3
Esther M. Friesner & Martin H. Greenberg, eds.
4
TBD
5
05/13/2018
6
24
7
10.79
8
14.03
9
1
The Firebird Trilogy
2
0-7394-1380-5
3
Kathy Tyers
4
TBD
5
05/13/2018
6
11
7
13.4
8
17.42
9
1
Star Trek: Rihannsu
2
0-7394-1390-2
3
Diane Duane
4
TBD
5
05/13/2018
6
1
7
5.43
8
7.06
9
1
Tales of Discworld
2
0-7394-1391-0
3
Terry Pratchett
4
TBD
5
05/13/2018
6
5
7
11.46
8
14.9
9
1
Only Forward
2
0-7394-1392-9
3
Michael Marshall Smith
4
TBD
5
05/13/2018
6
19
7
3.18
8
4.13
9
1
The Chrestomanci Quartet
2
0-7394-1439-9
3
Diana Wynne Jones
4
TBD
5
05/13/2018
6
3
7
5.28
8
6.86
9
1
Partners in Necessity
2
0-7394-1441-0
3
Sharon Lee & Steven Miller
4
TBD
5
05/13/2018
6
10
7
15.85
8
20.61
9
1
Excalibur
2
0-7394-1442-9
3
Saunders Anne Laubenthal
4
TBD
5
05/13/2018
6
22
7
7.04
8
9.15
9
1
Babylon 5: Legions of Fire
2
0-7394-1485-2
3
Peter David
4
TBD
5
05/13/2018
6
16
7
16.73
8
21.75
9
1
John Grimes, Lieutenant of the Survey Service
2
0-7394-1486-0
3
A. Bertram Chandler
4
TBD
5
05/13/2018
6
9
7
7.6
8
9.88
9
1
The Books of the Gods, Part One
2
0-7394-1487-9
3
Fred Saberhagen
4
TBD
5
05/13/2018
6
5
7
6.19
8
8.05
9
1
Valorian
2
0-7394-1596-4
3
Mary H. Herbert
4
TBD
5
05/13/2018
6
0
7
16.78
8
21.81
9
1
In Bad Company
2
0-7394-1663-4
3
Kage Baker
4
TBD
5
05/13/2018
6
6
7
3.4
8
4.42
9
1
The World of Tiers
2
0-7394-1664-2
3
Philip Jose Farmer
4
TBD
5
05/13/2018
6
7
7
15.33
8
19.93
9
1
The Sound & the Furry: The Complete Hoka Stories
2
0-7394-1683-9
3
Poul Anderson & Gordon R. Dickson
4
TBD
5
05/13/2018
6
22
7
7.59
8
9.87
9
1
Perdido Street Station
2
0-7394-1684-7
3
China Mieville
4
TBD
5
05/13/2018
6
24
7
9.04
8
11.75
9
1
Lord of Light
2
0-7394-1688-X
3
Roger Zelazny
4
TBD
5
05/13/2018
6
11
7
11.41
8
14.83
9
1
The Book of the Short Sun
2
0-7394-1689-8
3
Gene Wolfe
4
TBD
5
05/13/2018
6
15
7
9.74
8
12.66
9
1
Ship of Fools
2
0-7394-1690-1
3
Richard Paul Russo
4
TBD
5
05/13/2018
6
23
7
6.66
8
8.66
9
1
The Year the Cloud Fell
2
0-7394-1744-4
3
Kurt R. A. Giambastiani
4
TBD
5
05/13/2018
6
7
7
14.67
8
19.07
9
1
Dark of the Gods
2
0-7394-1745-2
3
P. C. Hodgell
4
TBD
5
05/13/2018
6
18
7
18.51
8
24.06
9
1
Evergence
2
0-7394-1746-0
3
Sean Williams & Shane Dix
4
TBD
5
05/13/2018
6
16
7
14.97
8
19.46
9
1
Worlds of Wonder: How to Write Science Fiction and Fantasy
2
0-7394-1802-5
3
David Gerrold
4
TBD
5
05/13/2018
6
6
7
14.17
8
18.42
9
1
The Complete Paratime
2
0-7394-1803-3
3
H. Beam Piper
4
TBD
5
05/13/2018
6
3
7
12.96
8
16.85
9
1
Star Wars: Cloak of Deception
2
0-7394-1843-2
3
James Luceno
4
TBD
5
05/13/2018
6
8
7
19.29
8
25.08
9
1
Year's Best SF 6
2
0-7394-1856-4
3
David G. Hartwell, ed.
4
TBD
5
05/13/2018
6
1
7
16.27
8
21.15
9
1
Asimov's Chimera
2
0-7394-1876-9
3
Mark W. Tiedemann
4
TBD
5
05/13/2018
6
7
7
11.46
8
14.9
9
1
Tales of the Rigante
2
0-7394-1877-7
3
David Gemmell
4
TBD
5
05/13/2018
6
4
7
8.32
8
10.82
9
1
In the Company of Others
2
0-7394-1878-5
3
Julie E. Czerneda
4
TBD
5
05/13/2018
6
20
7
6.3
8
8.19
9
1
War for the Oaks
2
0-7394-1879-3
3
Emma Bull
4
TBD
5
05/13/2018
6
9
7
11.95
8
15.54
9
1
The Gambler's Fortune
2
0-7394-1938-2
3
Juliet E. McKenna
4
TBD
5
05/13/2018
6
16
7
9.16
8
11.91
9
1
Year's Best Fantasy
2
0-7394-1939-0
3
Hartwell & Cramer, eds.
4
TBD
5
05/13/2018
6
10
7
6.46
8
8.4
9
1
Gullible's Travels
2
0-7394-1940-4
3
Matthew Hughes
4
TBD
5
05/13/2018
6
24
7
19.17
8
24.92
9
1
The Complete Adventures of Lucky Star
2
0-7394-1941-2
3
Isaac Asimov
4
TBD
5
05/13/2018
6
13
7
15.3
8
19.89
9
1
The Young Wizards
2
0-7394-1943-9
3
Diane Duane
4
TBD
5
05/13/2018
6
11
7
6.75
8
8.78
9
1
Time Enough for Love
2
0-7394-1944-7
3
Robert A. Heinlein
4
TBD
5
05/13/2018
6
18
7
17.59
8
22.87
9
1
Planet of the Apes
2
0-7394-1973-0
3
William T. Quick
4
TBD
5
05/13/2018
6
1
7
9.4
8
12.22
9
1
The Hunger
2
0-7394-1997-8
3
Whitley Strieber
4
TBD
5
05/13/2018
6
5
7
4.19
8
5.45
9
1
Black Seas of Infinity
2
0-7394-2009-7
3
H. P. Lovecraft
4
TBD
5
05/13/2018
6
3
7
11.25
8
14.63
9
1
Star Wars: New Jedi Order: Edge of Victory
2
0-7394-2030-5
3
Greg Keyes
4
TBD
5
05/13/2018
6
5
7
16.8
8
21.84
9
1
Dragon & Issola
2
0-7394-2031-3
3
Steven Brust
4
TBD
5
05/13/2018
6
20
7
19.11
8
24.84
9
1
Ascending
2
0-7394-2092-5
3
James Alan Gardner
4
TBD
5
05/13/2018
6
4
7
17.06
8
22.18
9
1
The Fall Revolution
2
0-7394-2122-0
3
Ken MacLeod
4
TBD
5
05/13/2018
6
6
7
16.9
8
21.97
9
1
Tales from Earthsea & The Other Wind
2
0-7394-2123-9
3
Ursula K. Le Guin
4
TBD
5
05/13/2018
6
9
7
9.32
8
12.12
9
1
Pride of Kings
2
0-7394-2162-X
3
Judith Tarr
4
TBD
5
05/13/2018
6
21
7
9.66
8
12.56
9
1
The Arthurian Companion, Second Edition
2
0-7394-2163-8
3
Phyllis Ann Karr
4
TBD
5
05/13/2018
6
9
7
4.74
8
6.16
9
1
The Atlas of Middle-Earth, Revised
2
0-7394-2200-6
3
Karen Wynn Fonstad
4
TBD
5
05/13/2018
6
8
7
10.77
8
14
9
1
Adventures in Time and Space
2
0-7394-2214-6
3
Raymond J. Healy & J. Francis McComas, eds.
4
TBD
5
05/13/2018
6
4
7
11.9
8
15.47
9
1
The Best Alternate History Stories of the 20th Century
2
0-7394-2237-5
3
Harry Turtledove & Martin H. Greenberg, eds.
4
Del Rey
5
05/13/2018
6
6
7
10.92
8
14.2
9
1
Beginning Operations
2
0-7394-2246-4
3
James White
4
orb
5
05/13/2018
6
22
7
19.74
8
25.66
9
1
The Last Herald-Mage
2
0-7394-2295-2
3
Mercedes Lackey
4
Guild America Books
5
05/13/2018
6
14
7
13.55
8
17.62
9
1
The Martian Chronicles
2
0-965-01746-X
3
Ray Bradbury
4
TBD
5
05/13/2018
6
13
7
11.83
8
15.38
9
1
Something Wicked This Way Comes
2
0-965-02045-2
3
Ray Bradbury
4
TBD
5
05/13/2018
6
23
7
14.88
8
19.34
9
1
The Illustrated Man
2
0-965-02046-0
3
Ray Bradbury
4
TBD
5
05/13/2018
6
8
7
11.38
8
14.79
9
1
Fahrenheit 451
2
0-965-02059-2
3
Ray Bradbury
4
TBD
5
05/13/2018
6
3
7
4.21
8
5.47
9